2026-03-30T08:37:30.046+05:30  INFO 11880 --- [workouttrackerapi] [restartedMain] c.w.WorkouttrackerapiApplication         : Starting WorkouttrackerapiApplication using Java 21.0.10 with PID 11880 (D:\spring-boot-projects\workouttrackerapi\target\classes started by sonuk in D:\spring-boot-projects\workouttrackerapi)
2026-03-30T08:37:30.072+05:30  INFO 11880 --- [workouttrackerapi] [restartedMain] c.w.WorkouttrackerapiApplication         : No active profile set, falling back to 1 default profile: "default"
2026-03-30T08:37:30.138+05:30  INFO 11880 --- [workouttrackerapi] [restartedMain] .e.DevToolsPropertyDefaultsPostProcessor : Devtools property defaults active! Set 'spring.devtools.add-properties' to 'false' to disable
2026-03-30T08:37:30.138+05:30  INFO 11880 --- [workouttrackerapi] [restartedMain] .e.DevToolsPropertyDefaultsPostProcessor : For additional web related logging consider setting the 'logging.level.web' property to 'DEBUG'
2026-03-30T08:37:31.772+05:30  INFO 11880 --- [workouttrackerapi] [restartedMain] .s.d.r.c.RepositoryConfigurationDelegate : Bootstrapping Spring Data JPA repositories in DEFAULT mode.
2026-03-30T08:37:31.854+05:30  INFO 11880 --- [workouttrackerapi] [restartedMain] .s.d.r.c.RepositoryConfigurationDelegate : Finished Spring Data repository scanning in 73 ms. Found 5 JPA repository interfaces.
2026-03-30T08:37:32.845+05:30  INFO 11880 --- [workouttrackerapi] [restartedMain] o.s.b.w.embedded.tomcat.TomcatWebServer  : Tomcat initialized with port 8080 (http)
2026-03-30T08:37:32.864+05:30  INFO 11880 --- [workouttrackerapi] [restartedMain] o.apache.catalina.core.StandardService   : Starting service [Tomcat]
2026-03-30T08:37:32.865+05:30  INFO 11880 --- [workouttrackerapi] [restartedMain] o.apache.catalina.core.StandardEngine    : Starting Servlet engine: [Apache Tomcat/10.1.20]
2026-03-30T08:37:32.941+05:30  INFO 11880 --- [workouttrackerapi] [restartedMain] o.a.c.c.C.[Tomcat].[localhost].[/]       : Initializing Spring embedded WebApplicationContext
2026-03-30T08:37:32.941+05:30  INFO 11880 --- [workouttrackerapi] [restartedMain] w.s.c.ServletWebServerApplicationContext : Root WebApplicationContext: initialization completed in 2802 ms
2026-03-30T08:37:33.122+05:30  INFO 11880 --- [workouttrackerapi] [restartedMain] o.hibernate.jpa.internal.util.LogHelper  : HHH000204: Processing PersistenceUnitInfo [name: default]
2026-03-30T08:37:33.211+05:30  INFO 11880 --- [workouttrackerapi] [restartedMain] org.hibernate.Version                    : HHH000412: Hibernate ORM core version 6.4.4.Final
2026-03-30T08:37:33.273+05:30  INFO 11880 --- [workouttrackerapi] [restartedMain] o.h.c.internal.RegionFactoryInitiator    : HHH000026: Second-level cache disabled
2026-03-30T08:37:33.588+05:30  INFO 11880 --- [workouttrackerapi] [restartedMain] o.s.o.j.p.SpringPersistenceUnitInfo      : No LoadTimeWeaver setup: ignoring JPA class transformer
2026-03-30T08:37:33.631+05:30  INFO 11880 --- [workouttrackerapi] [restartedMain] com.zaxxer.hikari.HikariDataSource       : HikariPool-1 - Starting...
2026-03-30T08:37:34.375+05:30  INFO 11880 --- [workouttrackerapi] [restartedMain] com.zaxxer.hikari.pool.HikariPool        : HikariPool-1 - Added connection com.mysql.cj.jdbc.ConnectionImpl@27ee5011
2026-03-30T08:37:34.380+05:30  INFO 11880 --- [workouttrackerapi] [restartedMain] com.zaxxer.hikari.HikariDataSource       : HikariPool-1 - Start completed.
2026-03-30T08:37:35.591+05:30  INFO 11880 --- [workouttrackerapi] [restartedMain] o.h.e.t.j.p.i.JtaPlatformInitiator       : HHH000489: No JTA platform available (set 'hibernate.transaction.jta.platform' to enable JTA platform integration)
2026-03-30T08:37:35.830+05:30  INFO 11880 --- [workouttrackerapi] [restartedMain] j.LocalContainerEntityManagerFactoryBean : Initialized JPA EntityManagerFactory for persistence unit 'default'
2026-03-30T08:37:36.257+05:30  INFO 11880 --- [workouttrackerapi] [restartedMain] o.s.d.j.r.query.QueryEnhancerFactory     : Hibernate is in classpath; If applicable, HQL parser will be used.
2026-03-30T08:37:36.975+05:30  WARN 11880 --- [workouttrackerapi] [restartedMain] JpaBaseConfiguration$JpaWebConfiguration : spring.jpa.open-in-view is enabled by default. Therefore, database queries may be performed during view rendering. Explicitly configure spring.jpa.open-in-view to disable this warning
2026-03-30T08:37:36.997+05:30  WARN 11880 --- [workouttrackerapi] [restartedMain] .s.s.UserDetailsServiceAutoConfiguration : 

Using generated security password: 74129b44-3520-47e9-b65c-811bd2c17568

This generated password is for development use only. Your security configuration must be updated before running your application in production.

2026-03-30T08:37:37.335+05:30  INFO 11880 --- [workouttrackerapi] [restartedMain] o.s.s.web.DefaultSecurityFilterChain     : Will secure any request with [org.springframework.security.web.session.DisableEncodeUrlFilter@2cf937e3, org.springframework.security.web.context.request.async.WebAsyncManagerIntegrationFilter@415d5e32, org.springframework.security.web.context.SecurityContextHolderFilter@5322574c, org.springframework.security.web.header.HeaderWriterFilter@2a6bba47, org.springframework.web.filter.CorsFilter@3e093bb4, org.springframework.security.web.authentication.logout.LogoutFilter@3a151dde, com.workouttrackerapi.config.JwtFilter@266c2d97, org.springframework.security.web.savedrequest.RequestCacheAwareFilter@76c27188, org.springframework.security.web.servletapi.SecurityContextHolderAwareRequestFilter@24e993, org.springframework.security.web.authentication.AnonymousAuthenticationFilter@17628f7b, org.springframework.security.web.session.SessionManagementFilter@19003c72, org.springframework.security.web.access.ExceptionTranslationFilter@73074f38, org.springframework.security.web.access.intercept.AuthorizationFilter@5ea66dfb]
2026-03-30T08:37:37.663+05:30  INFO 11880 --- [workouttrackerapi] [restartedMain] o.s.b.d.a.OptionalLiveReloadServer       : LiveReload server is running on port 35729
2026-03-30T08:37:37.721+05:30  INFO 11880 --- [workouttrackerapi] [restartedMain] o.s.b.w.embedded.tomcat.TomcatWebServer  : Tomcat started on port 8080 (http) with context path ''
2026-03-30T08:37:37.731+05:30  INFO 11880 --- [workouttrackerapi] [restartedMain] c.w.WorkouttrackerapiApplication         : Started WorkouttrackerapiApplication in 8.191 seconds (process running for 8.972)
2026-03-30T08:57:16.784+05:30  INFO 11880 --- [workouttrackerapi] [File Watcher] rtingClassPathChangeChangedEventListener : Restarting due to 1 class path change (0 additions, 0 deletions, 1 modification)
2026-03-30T08:57:16.795+05:30  INFO 11880 --- [workouttrackerapi] [Thread-5] j.LocalContainerEntityManagerFactoryBean : Closing JPA EntityManagerFactory for persistence unit 'default'
2026-03-30T08:57:16.801+05:30  INFO 11880 --- [workouttrackerapi] [Thread-5] com.zaxxer.hikari.HikariDataSource       : HikariPool-1 - Shutdown initiated...
2026-03-30T08:57:16.814+05:30  INFO 11880 --- [workouttrackerapi] [Thread-5] com.zaxxer.hikari.HikariDataSource       : HikariPool-1 - Shutdown completed.
2026-03-30T08:57:16.960+05:30  INFO 11880 --- [workouttrackerapi] [restartedMain] c.w.WorkouttrackerapiApplication         : Starting WorkouttrackerapiApplication using Java 21.0.10 with PID 11880 (D:\spring-boot-projects\workouttrackerapi\target\classes started by sonuk in D:\spring-boot-projects\workouttrackerapi)
2026-03-30T08:57:16.962+05:30  INFO 11880 --- [workouttrackerapi] [restartedMain] c.w.WorkouttrackerapiApplication         : No active profile set, falling back to 1 default profile: "default"
2026-03-30T08:57:18.706+05:30  INFO 14640 --- [workouttrackerapi] [restartedMain] c.w.WorkouttrackerapiApplication         : Starting WorkouttrackerapiApplication using Java 21.0.10 with PID 14640 (D:\spring-boot-projects\workouttrackerapi\target\classes started by sonuk in d:\spring-boot-projects\workouttrackerapi)
2026-03-30T08:57:18.708+05:30  INFO 14640 --- [workouttrackerapi] [restartedMain] c.w.WorkouttrackerapiApplication         : No active profile set, falling back to 1 default profile: "default"
2026-03-30T08:57:18.766+05:30  INFO 14640 --- [workouttrackerapi] [restartedMain] .e.DevToolsPropertyDefaultsPostProcessor : Devtools property defaults active! Set 'spring.devtools.add-properties' to 'false' to disable
2026-03-30T08:57:18.767+05:30  INFO 14640 --- [workouttrackerapi] [restartedMain] .e.DevToolsPropertyDefaultsPostProcessor : For additional web related logging consider setting the 'logging.level.web' property to 'DEBUG'
2026-03-30T08:57:19.650+05:30  INFO 14640 --- [workouttrackerapi] [restartedMain] .s.d.r.c.RepositoryConfigurationDelegate : Bootstrapping Spring Data JPA repositories in DEFAULT mode.
2026-03-30T08:57:19.726+05:30  INFO 14640 --- [workouttrackerapi] [restartedMain] .s.d.r.c.RepositoryConfigurationDelegate : Finished Spring Data repository scanning in 68 ms. Found 5 JPA repository interfaces.
2026-03-30T08:57:20.452+05:30  INFO 14640 --- [workouttrackerapi] [restartedMain] o.s.b.w.embedded.tomcat.TomcatWebServer  : Tomcat initialized with port 8080 (http)
2026-03-30T08:57:20.466+05:30  INFO 14640 --- [workouttrackerapi] [restartedMain] o.apache.catalina.core.StandardService   : Starting service [Tomcat]
2026-03-30T08:57:20.467+05:30  INFO 14640 --- [workouttrackerapi] [restartedMain] o.apache.catalina.core.StandardEngine    : Starting Servlet engine: [Apache Tomcat/10.1.20]
2026-03-30T08:57:20.540+05:30  INFO 14640 --- [workouttrackerapi] [restartedMain] o.a.c.c.C.[Tomcat].[localhost].[/]       : Initializing Spring embedded WebApplicationContext
2026-03-30T08:57:20.540+05:30  INFO 14640 --- [workouttrackerapi] [restartedMain] w.s.c.ServletWebServerApplicationContext : Root WebApplicationContext: initialization completed in 1772 ms
2026-03-30T08:57:20.731+05:30  INFO 14640 --- [workouttrackerapi] [restartedMain] o.hibernate.jpa.internal.util.LogHelper  : HHH000204: Processing PersistenceUnitInfo [name: default]
2026-03-30T08:57:20.809+05:30  INFO 14640 --- [workouttrackerapi] [restartedMain] org.hibernate.Version                    : HHH000412: Hibernate ORM core version 6.4.4.Final
2026-03-30T08:57:20.844+05:30  INFO 14640 --- [workouttrackerapi] [restartedMain] o.h.c.internal.RegionFactoryInitiator    : HHH000026: Second-level cache disabled
2026-03-30T08:57:21.093+05:30  INFO 14640 --- [workouttrackerapi] [restartedMain] o.s.o.j.p.SpringPersistenceUnitInfo      : No LoadTimeWeaver setup: ignoring JPA class transformer
2026-03-30T08:57:21.125+05:30  INFO 14640 --- [workouttrackerapi] [restartedMain] com.zaxxer.hikari.HikariDataSource       : HikariPool-1 - Starting...
2026-03-30T08:57:21.428+05:30  INFO 14640 --- [workouttrackerapi] [restartedMain] com.zaxxer.hikari.pool.HikariPool        : HikariPool-1 - Added connection com.mysql.cj.jdbc.ConnectionImpl@606d137
2026-03-30T08:57:21.431+05:30  INFO 14640 --- [workouttrackerapi] [restartedMain] com.zaxxer.hikari.HikariDataSource       : HikariPool-1 - Start completed.
2026-03-30T08:57:22.409+05:30  INFO 14640 --- [workouttrackerapi] [restartedMain] o.h.e.t.j.p.i.JtaPlatformInitiator       : HHH000489: No JTA platform available (set 'hibernate.transaction.jta.platform' to enable JTA platform integration)
2026-03-30T08:57:22.494+05:30  INFO 14640 --- [workouttrackerapi] [restartedMain] j.LocalContainerEntityManagerFactoryBean : Initialized JPA EntityManagerFactory for persistence unit 'default'
2026-03-30T08:57:22.919+05:30  INFO 14640 --- [workouttrackerapi] [restartedMain] o.s.d.j.r.query.QueryEnhancerFactory     : Hibernate is in classpath; If applicable, HQL parser will be used.
2026-03-30T08:57:23.552+05:30  WARN 14640 --- [workouttrackerapi] [restartedMain] JpaBaseConfiguration$JpaWebConfiguration : spring.jpa.open-in-view is enabled by default. Therefore, database queries may be performed during view rendering. Explicitly configure spring.jpa.open-in-view to disable this warning
2026-03-30T08:57:23.587+05:30  WARN 14640 --- [workouttrackerapi] [restartedMain] .s.s.UserDetailsServiceAutoConfiguration : 

Using generated security password: bcecd409-4e3b-429c-87e6-df465609c287

This generated password is for development use only. Your security configuration must be updated before running your application in production.

2026-03-30T08:57:23.912+05:30  INFO 14640 --- [workouttrackerapi] [restartedMain] o.s.s.web.DefaultSecurityFilterChain     : Will secure any request with [org.springframework.security.web.session.DisableEncodeUrlFilter@1d770520, org.springframework.security.web.context.request.async.WebAsyncManagerIntegrationFilter@3d7e2534, org.springframework.security.web.context.SecurityContextHolderFilter@397b9874, org.springframework.security.web.header.HeaderWriterFilter@7cb74bab, org.springframework.web.filter.CorsFilter@318028eb, org.springframework.security.web.authentication.logout.LogoutFilter@2f267ab9, com.workouttrackerapi.config.JwtFilter@4fd98cf4, org.springframework.security.web.savedrequest.RequestCacheAwareFilter@2efc3d42, org.springframework.security.web.servletapi.SecurityContextHolderAwareRequestFilter@231ea4b8, org.springframework.security.web.authentication.AnonymousAuthenticationFilter@5583ef38, org.springframework.security.web.session.SessionManagementFilter@9bc1e9c, org.springframework.security.web.access.ExceptionTranslationFilter@102b8a1d, org.springframework.security.web.access.intercept.AuthorizationFilter@447c8ab0]
2026-03-30T08:57:24.242+05:30  INFO 14640 --- [workouttrackerapi] [restartedMain] o.s.b.d.a.OptionalLiveReloadServer       : LiveReload server is running on port 35729
2026-03-30T08:57:24.279+05:30  INFO 14640 --- [workouttrackerapi] [restartedMain] o.s.b.w.embedded.tomcat.TomcatWebServer  : Tomcat started on port 8080 (http) with context path ''
2026-03-30T08:57:24.292+05:30  INFO 14640 --- [workouttrackerapi] [restartedMain] c.w.WorkouttrackerapiApplication         : Started WorkouttrackerapiApplication in 5.983 seconds (process running for 6.393)
2026-03-30T08:57:30.912+05:30  INFO 14640 --- [workouttrackerapi] [http-nio-8080-exec-2] o.a.c.c.C.[Tomcat].[localhost].[/]       : Initializing Spring DispatcherServlet 'dispatcherServlet'
2026-03-30T08:57:30.913+05:30  INFO 14640 --- [workouttrackerapi] [http-nio-8080-exec-2] o.s.web.servlet.DispatcherServlet        : Initializing Servlet 'dispatcherServlet'
2026-03-30T08:57:30.916+05:30  INFO 14640 --- [workouttrackerapi] [http-nio-8080-exec-2] o.s.web.servlet.DispatcherServlet        : Completed initialization in 1 ms
2026-03-30T08:57:32.224+05:30  INFO 14640 --- [workouttrackerapi] [http-nio-8080-exec-9] o.springdoc.api.AbstractOpenApiResource  : Init duration for springdoc-openapi is: 797 ms
2026-03-30T09:01:58.972+05:30  WARN 14640 --- [workouttrackerapi] [http-nio-8080-exec-7] .w.s.m.s.DefaultHandlerExceptionResolver : Resolved [org.springframework.http.converter.HttpMessageNotReadableException: JSON parse error: Cannot construct instance of `java.sql.Time`, problem: Error at index 4 in: "2026-03-30T03"]
2026-03-30T09:03:00.225+05:30  WARN 14640 --- [workouttrackerapi] [http-nio-8080-exec-9] .w.s.m.s.DefaultHandlerExceptionResolver : Resolved [org.springframework.http.converter.HttpMessageNotReadableException: JSON parse error: Cannot construct instance of `java.sql.Time`, problem: Error at index 4 in: "2026-03-30T03"]
2026-03-30T09:05:34.810+05:30  WARN 14640 --- [workouttrackerapi] [http-nio-8080-exec-8] .m.m.a.ExceptionHandlerExceptionResolver : Resolved [org.springframework.web.bind.MethodArgumentNotValidException: Validation failed for argument [0] in public org.springframework.http.ResponseEntity<com.workouttrackerapi.workout.dto.WorkoutResponse> com.workouttrackerapi.workout.controller.WorkoutController.createWorkout(com.workouttrackerapi.workout.dto.WorkoutRequest,org.springframework.security.core.Authentication): [Field error in object 'workoutRequest' on field 'workout_Exercises_Request': rejected value [[]]; codes [Size.workoutRequest.workout_Exercises_Request,Size.workout_Exercises_Request,Size.java.util.List,Size]; arguments [org.springframework.context.support.DefaultMessageSourceResolvable: codes [workoutRequest.workout_Exercises_Request,workout_Exercises_Request]; arguments []; default message [workout_Exercises_Request],2147483647,1]; default message [workout should have at least one exercise]] ]
2026-03-30T09:09:06.378+05:30  INFO 14640 --- [workouttrackerapi] [File Watcher] rtingClassPathChangeChangedEventListener : Restarting due to 1 class path change (0 additions, 0 deletions, 1 modification)
2026-03-30T09:09:06.387+05:30  INFO 14640 --- [workouttrackerapi] [Thread-5] j.LocalContainerEntityManagerFactoryBean : Closing JPA EntityManagerFactory for persistence unit 'default'
2026-03-30T09:09:06.392+05:30  INFO 14640 --- [workouttrackerapi] [Thread-5] com.zaxxer.hikari.HikariDataSource       : HikariPool-1 - Shutdown initiated...
2026-03-30T09:09:06.406+05:30  INFO 14640 --- [workouttrackerapi] [Thread-5] com.zaxxer.hikari.HikariDataSource       : HikariPool-1 - Shutdown completed.
2026-03-30T09:09:06.488+05:30  INFO 14640 --- [workouttrackerapi] [restartedMain] c.w.WorkouttrackerapiApplication         : Starting WorkouttrackerapiApplication using Java 21.0.10 with PID 14640 (D:\spring-boot-projects\workouttrackerapi\target\classes started by sonuk in d:\spring-boot-projects\workouttrackerapi)
2026-03-30T09:09:06.488+05:30  INFO 14640 --- [workouttrackerapi] [restartedMain] c.w.WorkouttrackerapiApplication         : No active profile set, falling back to 1 default profile: "default"
2026-03-30T09:09:06.690+05:30  INFO 14640 --- [workouttrackerapi] [restartedMain] .s.d.r.c.RepositoryConfigurationDelegate : Bootstrapping Spring Data JPA repositories in DEFAULT mode.
2026-03-30T09:09:06.712+05:30  INFO 14640 --- [workouttrackerapi] [restartedMain] .s.d.r.c.RepositoryConfigurationDelegate : Finished Spring Data repository scanning in 21 ms. Found 5 JPA repository interfaces.
2026-03-30T09:09:06.820+05:30  INFO 14640 --- [workouttrackerapi] [restartedMain] o.s.b.w.embedded.tomcat.TomcatWebServer  : Tomcat initialized with port 8080 (http)
2026-03-30T09:09:06.821+05:30  INFO 14640 --- [workouttrackerapi] [restartedMain] o.apache.catalina.core.StandardService   : Starting service [Tomcat]
2026-03-30T09:09:06.822+05:30  INFO 14640 --- [workouttrackerapi] [restartedMain] o.apache.catalina.core.StandardEngine    : Starting Servlet engine: [Apache Tomcat/10.1.20]
2026-03-30T09:09:06.845+05:30  INFO 14640 --- [workouttrackerapi] [restartedMain] o.a.c.c.C.[Tomcat].[localhost].[/]       : Initializing Spring embedded WebApplicationContext
2026-03-30T09:09:06.845+05:30  INFO 14640 --- [workouttrackerapi] [restartedMain] w.s.c.ServletWebServerApplicationContext : Root WebApplicationContext: initialization completed in 355 ms
2026-03-30T09:09:06.890+05:30  INFO 14640 --- [workouttrackerapi] [restartedMain] o.hibernate.jpa.internal.util.LogHelper  : HHH000204: Processing PersistenceUnitInfo [name: default]
2026-03-30T09:09:06.893+05:30  INFO 14640 --- [workouttrackerapi] [restartedMain] o.h.c.internal.RegionFactoryInitiator    : HHH000026: Second-level cache disabled
2026-03-30T09:09:06.901+05:30  INFO 14640 --- [workouttrackerapi] [restartedMain] o.s.o.j.p.SpringPersistenceUnitInfo      : No LoadTimeWeaver setup: ignoring JPA class transformer
2026-03-30T09:09:06.903+05:30  INFO 14640 --- [workouttrackerapi] [restartedMain] com.zaxxer.hikari.HikariDataSource       : HikariPool-2 - Starting...
2026-03-30T09:09:06.922+05:30  INFO 14640 --- [workouttrackerapi] [restartedMain] com.zaxxer.hikari.pool.HikariPool        : HikariPool-2 - Added connection com.mysql.cj.jdbc.ConnectionImpl@7e6c8dfa
2026-03-30T09:09:06.922+05:30  INFO 14640 --- [workouttrackerapi] [restartedMain] com.zaxxer.hikari.HikariDataSource       : HikariPool-2 - Start completed.
2026-03-30T09:09:07.081+05:30  INFO 14640 --- [workouttrackerapi] [restartedMain] o.h.e.t.j.p.i.JtaPlatformInitiator       : HHH000489: No JTA platform available (set 'hibernate.transaction.jta.platform' to enable JTA platform integration)
2026-03-30T09:09:07.126+05:30  INFO 14640 --- [workouttrackerapi] [restartedMain] j.LocalContainerEntityManagerFactoryBean : Initialized JPA EntityManagerFactory for persistence unit 'default'
2026-03-30T09:09:07.302+05:30  WARN 14640 --- [workouttrackerapi] [restartedMain] JpaBaseConfiguration$JpaWebConfiguration : spring.jpa.open-in-view is enabled by default. Therefore, database queries may be performed during view rendering. Explicitly configure spring.jpa.open-in-view to disable this warning
2026-03-30T09:09:07.308+05:30  WARN 14640 --- [workouttrackerapi] [restartedMain] .s.s.UserDetailsServiceAutoConfiguration : 

Using generated security password: 70bc19c7-f943-44d5-8424-93d1a343b1d5

This generated password is for development use only. Your security configuration must be updated before running your application in production.

2026-03-30T09:09:07.371+05:30  INFO 14640 --- [workouttrackerapi] [restartedMain] o.s.s.web.DefaultSecurityFilterChain     : Will secure any request with [org.springframework.security.web.session.DisableEncodeUrlFilter@534ee4fc, org.springframework.security.web.context.request.async.WebAsyncManagerIntegrationFilter@21c49765, org.springframework.security.web.context.SecurityContextHolderFilter@16261d13, org.springframework.security.web.header.HeaderWriterFilter@21e1ef68, org.springframework.web.filter.CorsFilter@badc92f, org.springframework.security.web.authentication.logout.LogoutFilter@4ab719e1, com.workouttrackerapi.config.JwtFilter@8baf4f7, org.springframework.security.web.savedrequest.RequestCacheAwareFilter@5abf0c50, org.springframework.security.web.servletapi.SecurityContextHolderAwareRequestFilter@740b22c0, org.springframework.security.web.authentication.AnonymousAuthenticationFilter@dcfdfa9, org.springframework.security.web.session.SessionManagementFilter@39b42f12, org.springframework.security.web.access.ExceptionTranslationFilter@76275e51, org.springframework.security.web.access.intercept.AuthorizationFilter@45f87380]
2026-03-30T09:09:07.450+05:30  INFO 14640 --- [workouttrackerapi] [restartedMain] o.s.b.d.a.OptionalLiveReloadServer       : LiveReload server is running on port 35729
2026-03-30T09:09:07.460+05:30  INFO 14640 --- [workouttrackerapi] [restartedMain] o.s.b.w.embedded.tomcat.TomcatWebServer  : Tomcat started on port 8080 (http) with context path ''
2026-03-30T09:09:07.465+05:30  INFO 14640 --- [workouttrackerapi] [restartedMain] c.w.WorkouttrackerapiApplication         : Started WorkouttrackerapiApplication in 1.0 seconds (process running for 709.566)
2026-03-30T09:09:07.520+05:30  INFO 14640 --- [workouttrackerapi] [restartedMain] .ConditionEvaluationDeltaLoggingListener : Condition evaluation unchanged
2026-03-30T09:09:10.377+05:30  INFO 14640 --- [workouttrackerapi] [http-nio-8080-exec-1] o.a.c.c.C.[Tomcat].[localhost].[/]       : Initializing Spring DispatcherServlet 'dispatcherServlet'
2026-03-30T09:09:10.378+05:30  INFO 14640 --- [workouttrackerapi] [http-nio-8080-exec-1] o.s.web.servlet.DispatcherServlet        : Initializing Servlet 'dispatcherServlet'
2026-03-30T09:09:10.379+05:30  INFO 14640 --- [workouttrackerapi] [http-nio-8080-exec-1] o.s.web.servlet.DispatcherServlet        : Completed initialization in 1 ms
2026-03-30T09:09:10.651+05:30  INFO 14640 --- [workouttrackerapi] [http-nio-8080-exec-9] o.springdoc.api.AbstractOpenApiResource  : Init duration for springdoc-openapi is: 109 ms
